# JRE version: OpenJDK Runtime Environment (8.0_312-b07) (build 1.8.0_312-b07)
# Java VM: OpenJDK 64-Bit Server VM (25.312-b07 mixed mode windows-amd64 compressed oops)
Heap:
 PSYoungGen      total 837632K, used 146403K [0x0000000780000000, 0x00000007bcc00000, 0x00000007c0000000)
  eden space 679936K, 21% used [0x0000000780000000,0x0000000788c28f58,0x00000007a9800000)
  from space 157696K, 1% used [0x00000007a9800000,0x00000007a9ad0020,0x00000007b3200000)
  to   space 145920K, 0% used [0x00000007b3d80000,0x00000007b3d80000,0x00000007bcc00000)
 ParOldGen       total 502272K, used 313469K [0x0000000700000000, 0x000000071ea80000, 0x0000000780000000)
  object space 502272K, 62% used [0x0000000700000000,0x000000071321f5e8,0x000000071ea80000)
 Metaspace       used 72950K, capacity 74382K, committed 74496K, reserved 1114112K
  class space    used 9542K, capacity 9969K, committed 9984K, reserved 1048576K
GC Heap History (10 events):
Event: 137.404 GC heap before
{Heap before GC invocations=18 (full 3):
 PSYoungGen      total 482816K, used 482807K [0x0000000780000000, 0x00000007aae80000, 0x00000007c0000000)
  eden space 367104K, 100% used [0x0000000780000000,0x0000000796680000,0x0000000796680000)
  from space 115712K, 99% used [0x000000079f600000,0x00000007a66fdfe0,0x00000007a6700000)
  to   space 146944K, 0% used [0x0000000796680000,0x0000000796680000,0x000000079f600000)
 ParOldGen       total 502272K, used 172431K [0x0000000700000000, 0x000000071ea80000, 0x0000000780000000)
  object space 502272K, 34% used [0x0000000700000000,0x000000070a863d28,0x000000071ea80000)
 Metaspace       used 71175K, capacity 72486K, committed 72832K, reserved 1112064K
  class space    used 9392K, capacity 9741K, committed 9856K, reserved 1048576K
Event: 137.459 GC heap after
Heap after GC invocations=18 (full 3):
 PSYoungGen      total 514048K, used 123336K [0x0000000780000000, 0x00000007b4b00000, 0x00000007c0000000)
  eden space 367104K, 0% used [0x0000000780000000,0x0000000780000000,0x0000000796680000)
  from space 146944K, 83% used [0x0000000796680000,0x000000079def2060,0x000000079f600000)
  to   space 162304K, 0% used [0x00000007aac80000,0x00000007aac80000,0x00000007b4b00000)
 ParOldGen       total 502272K, used 172439K [0x0000000700000000, 0x000000071ea80000, 0x0000000780000000)
  object space 502272K, 34% used [0x0000000700000000,0x000000070a865d28,0x000000071ea80000)
 Metaspace       used 71175K, capacity 72486K, committed 72832K, reserved 1112064K
  class space    used 9392K, capacity 9741K, committed 9856K, reserved 1048576K
}
Event: 140.208 GC heap before
{Heap before GC invocations=19 (full 3):
 PSYoungGen      total 514048K, used 490440K [0x0000000780000000, 0x00000007b4b00000, 0x00000007c0000000)
  eden space 367104K, 100% used [0x0000000780000000,0x0000000796680000,0x0000000796680000)
  from space 146944K, 83% used [0x0000000796680000,0x000000079def2060,0x000000079f600000)
  to   space 162304K, 0% used [0x00000007aac80000,0x00000007aac80000,0x00000007b4b00000)
 ParOldGen       total 502272K, used 172439K [0x0000000700000000, 0x000000071ea80000, 0x0000000780000000)
  object space 502272K, 34% used [0x0000000700000000,0x000000070a865d28,0x000000071ea80000)
 Metaspace       used 71641K, capacity 72998K, committed 73344K, reserved 1112064K
  class space    used 9433K, capacity 9805K, committed 9856K, reserved 1048576K
Event: 140.272 GC heap after
Heap after GC invocations=19 (full 3):
 PSYoungGen      total 692736K, used 86338K [0x0000000780000000, 0x00000007b4580000, 0x00000007c0000000)
  eden space 536064K, 0% used [0x0000000780000000,0x0000000780000000,0x00000007a0b80000)
  from space 156672K, 55% used [0x00000007aac80000,0x00000007b00d0848,0x00000007b4580000)
  to   space 160768K, 0% used [0x00000007a0b80000,0x00000007a0b80000,0x00000007aa880000)
 ParOldGen       total 502272K, used 223861K [0x0000000700000000, 0x000000071ea80000, 0x0000000780000000)
  object space 502272K, 44% used [0x0000000700000000,0x000000070da9d648,0x000000071ea80000)
 Metaspace       used 71641K, capacity 72998K, committed 73344K, reserved 1112064K
  class space    used 9433K, capacity 9805K, committed 9856K, reserved 1048576K
}
Event: 147.443 GC heap before
{Heap before GC invocations=20 (full 3):
 PSYoungGen      total 692736K, used 622402K [0x0000000780000000, 0x00000007b4580000, 0x00000007c0000000)
  eden space 536064K, 100% used [0x0000000780000000,0x00000007a0b80000,0x00000007a0b80000)
  from space 156672K, 55% used [0x00000007aac80000,0x00000007b00d0848,0x00000007b4580000)
  to   space 160768K, 0% used [0x00000007a0b80000,0x00000007a0b80000,0x00000007aa880000)
 ParOldGen       total 502272K, used 223861K [0x0000000700000000, 0x000000071ea80000, 0x0000000780000000)
  object space 502272K, 44% used [0x0000000700000000,0x000000070da9d648,0x000000071ea80000)
 Metaspace       used 72379K, capacity 73748K, committed 73984K, reserved 1114112K
  class space    used 9521K, capacity 9948K, committed 9984K, reserved 1048576K
Event: 147.492 GC heap after
Heap after GC invocations=20 (full 3):
 PSYoungGen      total 696832K, used 28803K [0x0000000780000000, 0x00000007bd780000, 0x00000007c0000000)
  eden space 536064K, 0% used [0x0000000780000000,0x0000000780000000,0x00000007a0b80000)
  from space 160768K, 17% used [0x00000007a0b80000,0x00000007a27a0c98,0x00000007aa880000)
  to   space 157696K, 0% used [0x00000007b3d80000,0x00000007b3d80000,0x00000007bd780000)
 ParOldGen       total 502272K, used 287168K [0x0000000700000000, 0x000000071ea80000, 0x0000000780000000)
  object space 502272K, 57% used [0x0000000700000000,0x00000007118702d0,0x000000071ea80000)
 Metaspace       used 72379K, capacity 73748K, committed 73984K, reserved 1114112K
  class space    used 9521K, capacity 9948K, committed 9984K, reserved 1048576K
}
Event: 153.901 GC heap before
{Heap before GC invocations=21 (full 3):
 PSYoungGen      total 696832K, used 564867K [0x0000000780000000, 0x00000007bd780000, 0x00000007c0000000)
  eden space 536064K, 100% used [0x0000000780000000,0x00000007a0b80000,0x00000007a0b80000)
  from space 160768K, 17% used [0x00000007a0b80000,0x00000007a27a0c98,0x00000007aa880000)
  to   space 157696K, 0% used [0x00000007b3d80000,0x00000007b3d80000,0x00000007bd780000)
 ParOldGen       total 502272K, used 287168K [0x0000000700000000, 0x000000071ea80000, 0x0000000780000000)
  object space 502272K, 57% used [0x0000000700000000,0x00000007118702d0,0x000000071ea80000)
 Metaspace       used 72526K, capacity 73958K, committed 74240K, reserved 1114112K
  class space    used 9528K, capacity 9951K, committed 9984K, reserved 1048576K
Event: 153.917 GC heap after
Heap after GC invocations=21 (full 3):
 PSYoungGen      total 825856K, used 6000K [0x0000000780000000, 0x00000007bcc00000, 0x00000007c0000000)
  eden space 679936K, 0% used [0x0000000780000000,0x0000000780000000,0x00000007a9800000)
  from space 145920K, 4% used [0x00000007b3d80000,0x00000007b435c050,0x00000007bcc00000)
  to   space 157696K, 0% used [0x00000007a9800000,0x00000007a9800000,0x00000007b3200000)
 ParOldGen       total 502272K, used 309414K [0x0000000700000000, 0x000000071ea80000, 0x0000000780000000)
  object space 502272K, 61% used [0x0000000700000000,0x0000000712e29b28,0x000000071ea80000)
 Metaspace       used 72526K, capacity 73958K, committed 74240K, reserved 1114112K
  class space    used 9528K, capacity 9951K, committed 9984K, reserved 1048576K
}
Event: 168.285 GC heap before
{Heap before GC invocations=22 (full 3):
 PSYoungGen      total 825856K, used 685936K [0x0000000780000000, 0x00000007bcc00000, 0x00000007c0000000)
  eden space 679936K, 100% used [0x0000000780000000,0x00000007a9800000,0x00000007a9800000)
  from space 145920K, 4% used [0x00000007b3d80000,0x00000007b435c050,0x00000007bcc00000)
  to   space 157696K, 0% used [0x00000007a9800000,0x00000007a9800000,0x00000007b3200000)
 ParOldGen       total 502272K, used 309414K [0x0000000700000000, 0x000000071ea80000, 0x0000000780000000)
  object space 502272K, 61% used [0x0000000700000000,0x0000000712e29b28,0x000000071ea80000)
 Metaspace       used 72872K, capacity 74364K, committed 74496K, reserved 1114112K
  class space    used 9540K, capacity 9966K, committed 9984K, reserved 1048576K
Event: 168.291 GC heap after
Heap after GC invocations=22 (full 3):
 PSYoungGen      total 837632K, used 2880K [0x0000000780000000, 0x00000007bcc00000, 0x00000007c0000000)
  eden space 679936K, 0% used [0x0000000780000000,0x0000000780000000,0x00000007a9800000)
  from space 157696K, 1% used [0x00000007a9800000,0x00000007a9ad0020,0x00000007b3200000)
  to   space 145920K, 0% used [0x00000007b3d80000,0x00000007b3d80000,0x00000007bcc00000)
 ParOldGen       total 502272K, used 313469K [0x0000000700000000, 0x000000071ea80000, 0x0000000780000000)
  object space 502272K, 62% used [0x0000000700000000,0x000000071321f5e8,0x000000071ea80000)
 Metaspace       used 72872K, capacity 74364K, committed 74496K, reserved 1114112K
  class space    used 9540K, capacity 9966K, committed 9984K, reserved 1048576K
}

